#
# There is insufficient memory for the Java Runtime Environment to continue.
# Native memory allocation (malloc) failed to allocate 1014736 bytes for Chunk::new
# Possible reasons:
#   The system is out of physical RAM or swap space
#   The process is running with CompressedOops enabled, and the Java Heap may be blocking the growth of the native heap
# Possible solutions:
#   Reduce memory load on the system
#   Increase physical memory or swap space
#   Check if swap backing store is full
#   Decrease Java heap size (-Xmx/-Xms)
#   Decrease number of Java threads
#   Decrease Java thread stack sizes (-Xss)
#   Set larger code cache with -XX:ReservedCodeCacheSize=
#   JVM is running with Unscaled Compressed Oops mode in which the Java heap is
#     placed in the first 4GB address space. The Java Heap base address is the
#     maximum limit for the native heap growth. Please use -XX:HeapBaseMinAddress
#     to set the Java Heap base and to place the Java Heap above 4GB virtual address.
# This output file may be truncated or incomplete.
#
#  Out of Memory Error (allocation.cpp:389), pid=12752, tid=0x0000000000003d14
#
# JRE version: OpenJDK Runtime Environment (8.0_312-b07) (build 1.8.0_312-b07)
# Java VM: OpenJDK 64-Bit Server VM (25.312-b07 mixed mode windows-amd64 compressed oops)
# Failed to write core dump. Minidumps are not enabled by default on client versions of Windows
#

---------------  T H R E A D  ---------------

Current thread (0x00000209064c9800):  JavaThread "C2 CompilerThread0" daemon [_thread_in_native, id=15636, stack(0x000000d245d00000,0x000000d245e00000)]

Stack: [0x000000d245d00000,0x000000d245e00000]
[error occurred during error reporting (printing stack bounds), id 0xc0000005]

Native frames: (J=compiled Java code, j=interpreted, Vv=VM code, C=native code)


Current CompileTask:
C2:48341698 10021       4       sun.security.ssl.SSLCipher::createReadCipher (132 bytes)


---------------  P R O C E S S  ---------------

Java Threads: ( => current thread )
  0x000002090d6ba800 JavaThread "HikariPool-1 connection adder" daemon [_thread_blocked, id=8400, stack(0x000000d246300000,0x000000d246400000)]
  0x000002090d6b3800 JavaThread "HikariPool-1 connection closer" daemon [_thread_blocked, id=10304, stack(0x000000d246200000,0x000000d246300000)]
  0x000002090d6b9000 JavaThread "DestroyJavaVM" [_thread_blocked, id=9512, stack(0x000000d245200000,0x000000d245300000)]
  0x000002090d6b1000 JavaThread "http-nio-8080-Acceptor" daemon [_thread_in_native, id=9880, stack(0x000000d247700000,0x000000d247800000)]
  0x000002090d6b5000 JavaThread "http-nio-8080-Poller" daemon [_thread_in_native, id=2152, stack(0x000000d247600000,0x000000d247700000)]
  0x000002090d6b4800 JavaThread "http-nio-8080-exec-10" daemon [_thread_blocked, id=16960, stack(0x000000d247500000,0x000000d247600000)]
  0x000002090d6b6800 JavaThread "http-nio-8080-exec-9" daemon [_thread_blocked, id=6780, stack(0x000000d247400000,0x000000d247500000)]
  0x000002090d6b2000 JavaThread "http-nio-8080-exec-8" daemon [_thread_blocked, id=18000, stack(0x000000d247300000,0x000000d247400000)]
  0x000002090d6b8800 JavaThread "http-nio-8080-exec-7" daemon [_thread_blocked, id=5064, stack(0x000000d247200000,0x000000d247300000)]
  0x00000209092ca800 JavaThread "http-nio-8080-exec-6" daemon [_thread_blocked, id=3580, stack(0x000000d247100000,0x000000d247200000)]
  0x00000209092c6000 JavaThread "http-nio-8080-exec-5" daemon [_thread_blocked, id=412, stack(0x000000d247000000,0x000000d247100000)]
  0x00000209092c7000 JavaThread "http-nio-8080-exec-4" daemon [_thread_blocked, id=1412, stack(0x000000d246f00000,0x000000d247000000)]
  0x00000209092c5000 JavaThread "http-nio-8080-exec-3" daemon [_thread_blocked, id=17956, stack(0x000000d246e00000,0x000000d246f00000)]
  0x00000209092c8800 JavaThread "http-nio-8080-exec-2" daemon [_thread_blocked, id=13992, stack(0x000000d246d00000,0x000000d246e00000)]
  0x00000209092c4800 JavaThread "http-nio-8080-exec-1" daemon [_thread_blocked, id=5920, stack(0x000000d246b00000,0x000000d246c00000)]
  0x00000209092c3800 JavaThread "Live Reload Server" daemon [_thread_in_native, id=3992, stack(0x000000d246c00000,0x000000d246d00000)]
  0x00000209092c9000 JavaThread "File Watcher" daemon [_thread_blocked, id=17092, stack(0x000000d246a00000,0x000000d246b00000)]
  0x0000020909183800 JavaThread "HikariPool-1 housekeeper" daemon [_thread_blocked, id=11516, stack(0x000000d246900000,0x000000d246a00000)]
  0x0000020909ba4000 JavaThread "mysql-cj-abandoned-connection-cleanup" daemon [_thread_blocked, id=15732, stack(0x000000d246700000,0x000000d246800000)]
  0x000002090996f800 JavaThread "container-0" [_thread_blocked, id=15724, stack(0x000000d246600000,0x000000d246700000)]
  0x0000020909ba6000 JavaThread "Catalina-utility-2" [_thread_blocked, id=3980, stack(0x000000d246500000,0x000000d246600000)]
  0x0000020907132800 JavaThread "Catalina-utility-1" [_thread_blocked, id=9580, stack(0x000000d246400000,0x000000d246500000)]
  0x0000020906538800 JavaThread "Service Thread" daemon [_thread_blocked, id=16864, stack(0x000000d246000000,0x000000d246100000)]
  0x000002090652c800 JavaThread "C1 CompilerThread2" daemon [_thread_blocked, id=560, stack(0x000000d245f00000,0x000000d246000000)]
  0x00000209064cb800 JavaThread "C2 CompilerThread1" daemon [_thread_blocked, id=6408, stack(0x000000d245e00000,0x000000d245f00000)]
=>0x00000209064c9800 JavaThread "C2 CompilerThread0" daemon [_thread_in_native, id=15636, stack(0x000000d245d00000,0x000000d245e00000)]
  0x00000209064bd800 JavaThread "Monitor Ctrl-Break" daemon [_thread_in_native, id=7012, stack(0x000000d245c00000,0x000000d245d00000)]
  0x0000020905006000 JavaThread "Attach Listener" daemon [_thread_blocked, id=15476, stack(0x000000d245b00000,0x000000d245c00000)]
  0x0000020905002800 JavaThread "Signal Dispatcher" daemon [_thread_blocked, id=3696, stack(0x000000d245a00000,0x000000d245b00000)]
  0x000002096ec25000 JavaThread "Finalizer" daemon [_thread_blocked, id=17948, stack(0x000000d245900000,0x000000d245a00000)]
  0x0000020904fe3000 JavaThread "Reference Handler" daemon [_thread_blocked, id=9636, stack(0x000000d245800000,0x000000d245900000)]

Other Threads:
  0x0000020904fc1800 VMThread [stack: 0x000000d245700000,0x000000d245800000] [id=18424]
  0x000002090653b800 WatcherThread [stack: 0x000000d246100000,0x000000d246200000] [id=10992]

VM state:not at safepoint (normal execution)

VM Mutex/Monitor currently owned by a thread: None

heap address: 0x0000000080000000, size: 2048 MB, Compressed Oops mode: 32-bit
Narrow klass base: 0x0000000000000000, Narrow klass shift: 3
Compressed class space size: 1073741824 Address: 0x0000000100000000

Heap:
 PSYoungGen      total 270848K, used 19009K [0x00000000d5580000, 0x00000000f5f80000, 0x0000000100000000)
  eden space 266752K, 5% used [0x00000000d5580000,0x00000000d6464388,0x00000000e5a00000)
  from space 4096K, 91% used [0x00000000f5b80000,0x00000000f5f2c0b0,0x00000000f5f80000)
  to   space 11776K, 0% used [0x00000000f4880000,0x00000000f4880000,0x00000000f5400000)
 ParOldGen       total 80384K, used 62668K [0x0000000080000000, 0x0000000084e80000, 0x00000000d5580000)
  object space 80384K, 77% used [0x0000000080000000,0x0000000083d33150,0x0000000084e80000)
 Metaspace       used 74749K, capacity 79256K, committed 79512K, reserved 1118208K
  class space    used 9915K, capacity 10621K, committed 10672K, reserved 1048576K

Card table byte_map: [0x000002097f8d0000,0x000002097fce0000] byte_map_base: 0x000002097f4d0000

Marking Bits: (ParMarkBitMap*) 0x0000000075571860
 Begin Bits: [0x0000020900000000, 0x0000020902000000)
 End Bits:   [0x0000020902000000, 0x0000020904000000)

Polling page: 0x000002096eca0000

CodeCache: size=245760Kb used=26737Kb max_used=26755Kb free=219022Kb
 bounds [0x0000020970510000, 0x0000020971f60000, 0x000002097f510000]
 total_blobs=8668 nmethods=8054 adapters=523
 compilation: enabled

Compilation events (10 events):
Event: 47747.471 Thread 0x00000209064c9800 nmethod 10017 0x0000020971a07850 code [0x0000020971a07980, 0x0000020971a07a98]
Event: 48311.891 Thread 0x00000209064c9800 10018       4       sun.security.util.math.IntegerModuloP::asByteArray (13 bytes)
Event: 48311.900 Thread 0x00000209064cb800 10019       4       javax.crypto.KeyGenerator::<init> (131 bytes)
Event: 48312.013 Thread 0x00000209064c9800 nmethod 10018 0x0000020971aeea50 code [0x0000020971aeebe0, 0x0000020971aef6d8]
Event: 48312.131 Thread 0x00000209064c9800 10020   !   4       javax.crypto.KeyGenerator::nextSpi (253 bytes)
Event: 48312.208 Thread 0x00000209064cb800 nmethod 10019 0x0000020971f4f910 code [0x0000020971f4fba0, 0x0000020971f51db8]
Event: 48312.217 Thread 0x00000209064c9800 nmethod 10020 0x0000020971ae64d0 code [0x0000020971ae6740, 0x0000020971ae8598]
Event: 48340.407 Thread 0x00000209064c9800 10021       4       sun.security.ssl.SSLCipher::createReadCipher (132 bytes)
Event: 48340.422 Thread 0x00000209064cb800 10022       4       sun.security.util.DisabledAlgorithmConstraints$Constraints::permits (216 bytes)
Event: 48340.604 Thread 0x00000209064cb800 nmethod 10022 0x0000020971f55390 code [0x0000020971f556a0, 0x0000020971f57280]

GC Heap History (10 events):
Event: 43054.438 GC heap before
{Heap before GC invocations=35 (full 3):
 PSYoungGen      total 334848K, used 334608K [0x00000000d5580000, 0x00000000f7f00000, 0x0000000100000000)
  eden space 330240K, 100% used [0x00000000d5580000,0x00000000e9800000,0x00000000e9800000)
  from space 4608K, 94% used [0x00000000f6900000,0x00000000f6d44090,0x00000000f6d80000)
  to   space 13312K, 0% used [0x00000000f7200000,0x00000000f7200000,0x00000000f7f00000)
 ParOldGen       total 80384K, used 62540K [0x0000000080000000, 0x0000000084e80000, 0x00000000d5580000)
  object space 80384K, 77% used [0x0000000080000000,0x0000000083d13150,0x0000000084e80000)
 Metaspace       used 74749K, capacity 79256K, committed 79512K, reserved 1118208K
  class space    used 9915K, capacity 10621K, committed 10672K, reserved 1048576K
Event: 43061.234 GC heap after
Heap after GC invocations=35 (full 3):
 PSYoungGen      total 321024K, used 4288K [0x00000000d5580000, 0x00000000f7680000, 0x0000000100000000)
  eden space 316416K, 0% used [0x00000000d5580000,0x00000000d5580000,0x00000000e8a80000)
  from space 4608K, 93% used [0x00000000f7200000,0x00000000f76300e0,0x00000000f7680000)
  to   space 12800K, 0% used [0x00000000f5d80000,0x00000000f5d80000,0x00000000f6a00000)
 ParOldGen       total 80384K, used 62572K [0x0000000080000000, 0x0000000084e80000, 0x00000000d5580000)
  object space 80384K, 77% used [0x0000000080000000,0x0000000083d1b150,0x0000000084e80000)
 Metaspace       used 74749K, capacity 79256K, committed 79512K, reserved 1118208K
  class space    used 9915K, capacity 10621K, committed 10672K, reserved 1048576K
}
Event: 44466.442 GC heap before
{Heap before GC invocations=36 (full 3):
 PSYoungGen      total 321024K, used 320704K [0x00000000d5580000, 0x00000000f7680000, 0x0000000100000000)
  eden space 316416K, 100% used [0x00000000d5580000,0x00000000e8a80000,0x00000000e8a80000)
  from space 4608K, 93% used [0x00000000f7200000,0x00000000f76300e0,0x00000000f7680000)
  to   space 12800K, 0% used [0x00000000f5d80000,0x00000000f5d80000,0x00000000f6a00000)
 ParOldGen       total 80384K, used 62572K [0x0000000080000000, 0x0000000084e80000, 0x00000000d5580000)
  object space 80384K, 77% used [0x0000000080000000,0x0000000083d1b150,0x0000000084e80000)
 Metaspace       used 74749K, capacity 79256K, committed 79512K, reserved 1118208K
  class space    used 9915K, capacity 10621K, committed 10672K, reserved 1048576K
Event: 44466.519 GC heap after
Heap after GC invocations=36 (full 3):
 PSYoungGen      total 307200K, used 3952K [0x00000000d5580000, 0x00000000f7280000, 0x0000000100000000)
  eden space 303104K, 0% used [0x00000000d5580000,0x00000000d5580000,0x00000000e7d80000)
  from space 4096K, 96% used [0x00000000f5d80000,0x00000000f615c150,0x00000000f6180000)
  to   space 12288K, 0% used [0x00000000f6680000,0x00000000f6680000,0x00000000f7280000)
 ParOldGen       total 80384K, used 62604K [0x0000000080000000, 0x0000000084e80000, 0x00000000d5580000)
  object space 80384K, 77% used [0x0000000080000000,0x0000000083d23150,0x0000000084e80000)
 Metaspace       used 74749K, capacity 79256K, committed 79512K, reserved 1118208K
  class space    used 9915K, capacity 10621K, committed 10672K, reserved 1048576K
}
Event: 45804.891 GC heap before
{Heap before GC invocations=37 (full 3):
 PSYoungGen      total 307200K, used 307056K [0x00000000d5580000, 0x00000000f7280000, 0x0000000100000000)
  eden space 303104K, 100% used [0x00000000d5580000,0x00000000e7d80000,0x00000000e7d80000)
  from space 4096K, 96% used [0x00000000f5d80000,0x00000000f615c150,0x00000000f6180000)
  to   space 12288K, 0% used [0x00000000f6680000,0x00000000f6680000,0x00000000f7280000)
 ParOldGen       total 80384K, used 62604K [0x0000000080000000, 0x0000000084e80000, 0x00000000d5580000)
  object space 80384K, 77% used [0x0000000080000000,0x0000000083d23150,0x0000000084e80000)
 Metaspace       used 74749K, capacity 79256K, committed 79512K, reserved 1118208K
  class space    used 9915K, capacity 10621K, committed 10672K, reserved 1048576K
Event: 45805.242 GC heap after
Heap after GC invocations=37 (full 3):
 PSYoungGen      total 294400K, used 3872K [0x00000000d5580000, 0x00000000f6a80000, 0x0000000100000000)
  eden space 290304K, 0% used [0x00000000d5580000,0x00000000d5580000,0x00000000e7100000)
  from space 4096K, 94% used [0x00000000f6680000,0x00000000f6a480e0,0x00000000f6a80000)
  to   space 12288K, 0% used [0x00000000f5280000,0x00000000f5280000,0x00000000f5e80000)
 ParOldGen       total 80384K, used 62620K [0x0000000080000000, 0x0000000084e80000, 0x00000000d5580000)
  object space 80384K, 77% used [0x0000000080000000,0x0000000083d27150,0x0000000084e80000)
 Metaspace       used 74749K, capacity 79256K, committed 79512K, reserved 1118208K
  class space    used 9915K, capacity 10621K, committed 10672K, reserved 1048576K
}
Event: 47099.343 GC heap before
{Heap before GC invocations=38 (full 3):
 PSYoungGen      total 294400K, used 294176K [0x00000000d5580000, 0x00000000f6a80000, 0x0000000100000000)
  eden space 290304K, 100% used [0x00000000d5580000,0x00000000e7100000,0x00000000e7100000)
  from space 4096K, 94% used [0x00000000f6680000,0x00000000f6a480e0,0x00000000f6a80000)
  to   space 12288K, 0% used [0x00000000f5280000,0x00000000f5280000,0x00000000f5e80000)
 ParOldGen       total 80384K, used 62620K [0x0000000080000000, 0x0000000084e80000, 0x00000000d5580000)
  object space 80384K, 77% used [0x0000000080000000,0x0000000083d27150,0x0000000084e80000)
 Metaspace       used 74749K, capacity 79256K, committed 79512K, reserved 1118208K
  class space    used 9915K, capacity 10621K, committed 10672K, reserved 1048576K
Event: 47099.514 GC heap after
Heap after GC invocations=38 (full 3):
 PSYoungGen      total 282112K, used 3696K [0x00000000d5580000, 0x00000000f6700000, 0x0000000100000000)
  eden space 278016K, 0% used [0x00000000d5580000,0x00000000d5580000,0x00000000e6500000)
  from space 4096K, 90% used [0x00000000f5280000,0x00000000f561c0d0,0x00000000f5680000)
  to   space 11776K, 0% used [0x00000000f5b80000,0x00000000f5b80000,0x00000000f6700000)
 ParOldGen       total 80384K, used 62644K [0x0000000080000000, 0x0000000084e80000, 0x00000000d5580000)
  object space 80384K, 77% used [0x0000000080000000,0x0000000083d2d150,0x0000000084e80000)
 Metaspace       used 74749K, capacity 79256K, committed 79512K, reserved 1118208K
  class space    used 9915K, capacity 10621K, committed 10672K, reserved 1048576K
}
Event: 48324.047 GC heap before
{Heap before GC invocations=39 (full 3):
 PSYoungGen      total 282112K, used 281712K [0x00000000d5580000, 0x00000000f6700000, 0x0000000100000000)
  eden space 278016K, 100% used [0x00000000d5580000,0x00000000e6500000,0x00000000e6500000)
  from space 4096K, 90% used [0x00000000f5280000,0x00000000f561c0d0,0x00000000f5680000)
  to   space 11776K, 0% used [0x00000000f5b80000,0x00000000f5b80000,0x00000000f6700000)
 ParOldGen       total 80384K, used 62644K [0x0000000080000000, 0x0000000084e80000, 0x00000000d5580000)
  object space 80384K, 77% used [0x0000000080000000,0x0000000083d2d150,0x0000000084e80000)
 Metaspace       used 74749K, capacity 79256K, committed 79512K, reserved 1118208K
  class space    used 9915K, capacity 10621K, committed 10672K, reserved 1048576K
Event: 48324.182 GC heap after
Heap after GC invocations=39 (full 3):
 PSYoungGen      total 270848K, used 3760K [0x00000000d5580000, 0x00000000f5f80000, 0x0000000100000000)
  eden space 266752K, 0% used [0x00000000d5580000,0x00000000d5580000,0x00000000e5a00000)
  from space 4096K, 91% used [0x00000000f5b80000,0x00000000f5f2c0b0,0x00000000f5f80000)
  to   space 11776K, 0% used [0x00000000f4880000,0x00000000f4880000,0x00000000f5400000)
 ParOldGen       total 80384K, used 62668K [0x0000000080000000, 0x0000000084e80000, 0x00000000d5580000)
  object space 80384K, 77% used [0x0000000080000000,0x0000000083d33150,0x0000000084e80000)
 Metaspace       used 74749K, capacity 79256K, committed 79512K, reserved 1118208K
  class space    used 9915K, capacity 10621K, committed 10672K, reserved 1048576K
}

Deoptimization events (10 events):
Event: 20.378 Thread 0x00000209092c4800 Uncommon trap: reason=bimorphic action=maybe_recompile pc=0x00000209710009b0 method=java.util.concurrent.ConcurrentHashMap.putVal(Ljava/lang/Object;Ljava/lang/Object;Z)Ljava/lang/Object; @ 192
Event: 92.494 Thread 0x00000209092c5000 Uncommon trap: reason=unstable_if action=reinterpret pc=0x0000020971111240 method=java.nio.Buffer.limit(I)Ljava/nio/Buffer; @ 30
Event: 92.678 Thread 0x00000209092c5000 Uncommon trap: reason=unstable_if action=reinterpret pc=0x000002097062b4c4 method=java.util.regex.Pattern$Curly.match0(Ljava/util/regex/Matcher;IILjava/lang/CharSequence;)Z @ 5
Event: 100.262 Thread 0x00000209092c7000 Uncommon trap: reason=unstable_if action=reinterpret pc=0x00000209708e3a74 method=java.util.regex.Pattern$Curly.match0(Ljava/util/regex/Matcher;IILjava/lang/CharSequence;)Z @ 5
Event: 100.437 Thread 0x00000209092c7000 Uncommon trap: reason=bimorphic action=maybe_recompile pc=0x00000209708d7ec8 method=java.lang.Throwable.<init>(Ljava/lang/String;Ljava/lang/Throwable;)V @ 24
Event: 100.444 Thread 0x00000209092c7000 Uncommon trap: reason=bimorphic action=maybe_recompile pc=0x00000209708d7ec8 method=java.lang.Throwable.<init>(Ljava/lang/String;Ljava/lang/Throwable;)V @ 24
Event: 1935.453 Thread 0x0000020907132800 Uncommon trap: reason=unstable_if action=reinterpret pc=0x00000209719f9288 method=java.util.concurrent.ScheduledThreadPoolExecutor$ScheduledFutureTask.compareTo(Ljava/util/concurrent/Delayed;)I @ 40
Event: 9773.387 Thread 0x000002090d6ba800 Uncommon trap: reason=null_check action=make_not_entrant pc=0x0000020971cfa0c4 method=com.mysql.cj.jdbc.JdbcPropertySetImpl.postInitialization()V @ 50
Event: 9784.226 Thread 0x000002090d6ba800 Uncommon trap: reason=null_check action=make_not_entrant pc=0x0000020971cb8c0c method=com.mysql.cj.jdbc.JdbcPropertySetImpl.postInitialization()V @ 50
Event: 35375.455 Thread 0x0000020907132800 Uncommon trap: reason=predicate action=maybe_recompile pc=0x0000020971f36504 method=java.util.concurrent.ThreadPoolExecutor.runWorker(Ljava/util/concurrent/ThreadPoolExecutor$Worker;)V @ 21

Classes redefined (0 events):
No events

Internal exceptions (10 events):
Event: 13.935 Thread 0x00000209092c6000 Exception <a 'sun/nio/fs/WindowsException'> (0x00000000d8ce9218) thrown at [C:\wsjdk\Corretto8Src\installers\windows\zip\corretto-build\buildRoot\src\hotspot\src\share\vm\prims\jni.cpp, line 711]
Event: 13.935 Thread 0x00000209092c6000 Exception <a 'sun/nio/fs/WindowsException'> (0x00000000d8ce9c68) thrown at [C:\wsjdk\Corretto8Src\installers\windows\zip\corretto-build\buildRoot\src\hotspot\src\share\vm\prims\jni.cpp, line 711]
Event: 13.935 Thread 0x00000209092c6000 Exception <a 'sun/nio/fs/WindowsException'> (0x00000000d8cea218) thrown at [C:\wsjdk\Corretto8Src\installers\windows\zip\corretto-build\buildRoot\src\hotspot\src\share\vm\prims\jni.cpp, line 711]
Event: 13.935 Thread 0x00000209092c6000 Exception <a 'sun/nio/fs/WindowsException'> (0x00000000d8ceac50) thrown at [C:\wsjdk\Corretto8Src\installers\windows\zip\corretto-build\buildRoot\src\hotspot\src\share\vm\prims\jni.cpp, line 711]
Event: 13.935 Thread 0x00000209092c6000 Exception <a 'sun/nio/fs/WindowsException'> (0x00000000d8ceb1f8) thrown at [C:\wsjdk\Corretto8Src\installers\windows\zip\corretto-build\buildRoot\src\hotspot\src\share\vm\prims\jni.cpp, line 711]
Event: 20.437 Thread 0x00000209092c4800 Exception <a 'java/lang/NoSuchMethodError': java.lang.Object.lambda$mapIfAllPresent$6(Ljava/util/Optional;Ljava/util/function/BiFunction;Ljava/lang/Object;)Ljava/util/Optional;> (0x00000000e0221670) thrown at [C:\wsjdk\Corretto8Src\installers\windows\zip\
Event: 20.437 Thread 0x00000209092c4800 Exception <a 'java/lang/NoSuchMethodError': java.lang.Object.lambda$null$5(Ljava/util/function/BiFunction;Ljava/lang/Object;Ljava/lang/Object;)Ljava/lang/Object;> (0x00000000e0226408) thrown at [C:\wsjdk\Corretto8Src\installers\windows\zip\corretto-build\
Event: 20.488 Thread 0x00000209092c4800 Exception <a 'java/lang/NoSuchMethodError': java.lang.Object.lambda$static$0(Lorg/hibernate/type/EntityType;Ljava/lang/Object;Lorg/hibernate/engine/spi/SharedSessionContractImplementor;Ljava/lang/Object;Ljava/lang/Boolean;)Ljava/lang/Object;> (0x00000000e
Event: 9773.387 Thread 0x000002090d6ba800 Implicit null exception at 0x0000020971cf8838 to 0x0000020971cfa0b5
Event: 9784.226 Thread 0x000002090d6ba800 Implicit null exception at 0x0000020971cb8154 to 0x0000020971cb8bfd

Events (10 events):
Event: 48340.396 Executing VM operation: BulkRevokeBias
Event: 48340.396 Executing VM operation: BulkRevokeBias done
Event: 48340.397 Executing VM operation: BulkRevokeBias
Event: 48340.397 Executing VM operation: BulkRevokeBias done
Event: 48340.397 Executing VM operation: BulkRevokeBias
Event: 48340.398 Executing VM operation: BulkRevokeBias done
Event: 48340.398 Executing VM operation: RevokeBias
Event: 48340.398 Executing VM operation: RevokeBias done
Event: 48340.398 Executing VM operation: BulkRevokeBias
Event: 48340.398 Executing VM operation: BulkRevokeBias done


Dynamic libraries:
0x00007ff712bb0000 - 0x00007ff712bea000 	C:\Users\Ribas\.jdks\corretto-1.8.0_312\bin\java.exe
0x00007ff978210000 - 0x00007ff978408000 	C:\Windows\SYSTEM32\ntdll.dll
0x00007ff945260000 - 0x00007ff945277000 	C:\Program Files\Avast Software\Avast\aswhook.dll
0x00007ff9776f0000 - 0x00007ff9777ad000 	C:\Windows\System32\KERNEL32.DLL
0x00007ff975db0000 - 0x00007ff97607e000 	C:\Windows\System32\KERNELBASE.dll
0x00007ff9766d0000 - 0x00007ff97677e000 	C:\Windows\System32\ADVAPI32.dll
0x00007ff9764d0000 - 0x00007ff97656e000 	C:\Windows\System32\msvcrt.dll
0x00007ff977f80000 - 0x00007ff97801c000 	C:\Windows\System32\sechost.dll
0x00007ff978020000 - 0x00007ff978145000 	C:\Windows\System32\RPCRT4.dll
0x00007ff976a70000 - 0x00007ff976c10000 	C:\Windows\System32\USER32.dll
0x00007ff975a70000 - 0x00007ff975a92000 	C:\Windows\System32\win32u.dll
0x00007ff978150000 - 0x00007ff97817a000 	C:\Windows\System32\GDI32.dll
0x00007ff975af0000 - 0x00007ff975bfb000 	C:\Windows\System32\gdi32full.dll
0x00007ff975960000 - 0x00007ff9759fd000 	C:\Windows\System32\msvcp_win.dll
0x00007ff975cb0000 - 0x00007ff975db0000 	C:\Windows\System32\ucrtbase.dll
0x00007ff962a80000 - 0x00007ff962d1a000 	C:\Windows\WinSxS\amd64_microsoft.windows.common-controls_6595b64144ccf1df_6.0.19041.1110_none_60b5254171f9507e\COMCTL32.dll
0x00007ff9781a0000 - 0x00007ff9781d0000 	C:\Windows\System32\IMM32.DLL
0x00007ff942870000 - 0x00007ff942985000 	C:\Program Files\Topaz OFD\Warsaw\wslbscr64.dll
0x00007ff976fa0000 - 0x00007ff9776e4000 	C:\Windows\System32\SHELL32.dll
0x00007ff9745f0000 - 0x00007ff974623000 	C:\Windows\SYSTEM32\ntmarta.dll
0x00007ff942770000 - 0x00007ff942863000 	C:\Program Files\Topaz OFD\Warsaw\wslbscrwh64.dll
0x00007ff94c6a0000 - 0x00007ff94c78f000 	C:\Users\Ribas\.jdks\corretto-1.8.0_312\jre\bin\msvcr120.dll
0x00007ff94c5f0000 - 0x00007ff94c696000 	C:\Users\Ribas\.jdks\corretto-1.8.0_312\jre\bin\msvcp120.dll
0x0000000074d80000 - 0x00000000755f0000 	C:\Users\Ribas\.jdks\corretto-1.8.0_312\jre\bin\server\jvm.dll
0x00007ff978190000 - 0x00007ff978198000 	C:\Windows\System32\PSAPI.DLL
0x00007ff96aae0000 - 0x00007ff96aae9000 	C:\Windows\SYSTEM32\WSOCK32.dll
0x000002096ec30000 - 0x000002096ec9b000 	C:\Windows\System32\WS2_32.dll
0x00007ff96cec0000 - 0x00007ff96cee7000 	C:\Windows\SYSTEM32\WINMM.dll
0x00007ff96fd20000 - 0x00007ff96fd2a000 	C:\Windows\SYSTEM32\VERSION.dll
0x00007ff962110000 - 0x00007ff96211f000 	C:\Users\Ribas\.jdks\corretto-1.8.0_312\jre\bin\verify.dll
0x00007ff961650000 - 0x00007ff961679000 	C:\Users\Ribas\.jdks\corretto-1.8.0_312\jre\bin\java.dll
0x00007ff960fa0000 - 0x00007ff960fca000 	C:\Users\Ribas\.jdks\corretto-1.8.0_312\jre\bin\instrument.dll
0x00007ff94f980000 - 0x00007ff94f996000 	C:\Users\Ribas\.jdks\corretto-1.8.0_312\jre\bin\zip.dll
0x00007ff973a10000 - 0x00007ff9741a4000 	C:\Windows\SYSTEM32\windows.storage.dll
0x00007ff9777b0000 - 0x00007ff977b04000 	C:\Windows\System32\combase.dll
0x00007ff9752b0000 - 0x00007ff9752e0000 	C:\Windows\SYSTEM32\Wldp.dll
0x0000020904e10000 - 0x0000020904ebd000 	C:\Windows\System32\SHCORE.dll
0x00007ff976670000 - 0x00007ff9766c5000 	C:\Windows\System32\shlwapi.dll
0x00007ff975870000 - 0x00007ff97588f000 	C:\Windows\SYSTEM32\profapi.dll
0x00007ff95fab0000 - 0x00007ff95faca000 	C:\Program Files\JetBrains\IntelliJ IDEA Community Edition 2021.2.2\bin\breakgen64.dll
0x00007ff94e460000 - 0x00007ff94e47a000 	C:\Users\Ribas\.jdks\corretto-1.8.0_312\jre\bin\net.dll
0x00007ff975090000 - 0x00007ff9750fa000 	C:\Windows\system32\mswsock.dll
0x00007ff971490000 - 0x00007ff97149d000 	C:\Users\Ribas\.jdks\corretto-1.8.0_312\jre\bin\management.dll
0x00007ff955f80000 - 0x00007ff955f97000 	C:\Windows\system32\napinsp.dll
0x00007ff955a30000 - 0x00007ff955a4b000 	C:\Windows\system32\pnrpnsp.dll
0x00007ff955fa0000 - 0x00007ff955fb5000 	C:\Windows\system32\wshbth.dll
0x00007ff971350000 - 0x00007ff97136d000 	C:\Windows\system32\NLAapi.dll
0x00007ff974d50000 - 0x00007ff974d8b000 	C:\Windows\SYSTEM32\IPHLPAPI.DLL
0x00007ff974d90000 - 0x00007ff974e5a000 	C:\Windows\SYSTEM32\DNSAPI.dll
0x00007ff978180000 - 0x00007ff978188000 	C:\Windows\System32\NSI.dll
0x00007ff956550000 - 0x00007ff956562000 	C:\Windows\System32\winrnr.dll
0x00007ff96f4f0000 - 0x00007ff96f4fa000 	C:\Windows\System32\rasadhlp.dll
0x00007ff96a0c0000 - 0x00007ff96a140000 	C:\Windows\System32\fwpuclnt.dll
0x00007ff975930000 - 0x00007ff975957000 	C:\Windows\System32\bcrypt.dll
0x00007ff94e440000 - 0x00007ff94e452000 	C:\Users\Ribas\.jdks\corretto-1.8.0_312\jre\bin\nio.dll
0x00007ff9755f0000 - 0x00007ff975608000 	C:\Windows\SYSTEM32\CRYPTSP.dll
0x00007ff9749c0000 - 0x00007ff9749f4000 	C:\Windows\system32\rsaenh.dll
0x00007ff975830000 - 0x00007ff97585e000 	C:\Windows\SYSTEM32\USERENV.dll
0x000002090b700000 - 0x000002090b782000 	C:\Windows\System32\bcryptprimitives.dll
0x00007ff975220000 - 0x00007ff97522c000 	C:\Windows\SYSTEM32\CRYPTBASE.dll
0x00007ff96f9b0000 - 0x00007ff96f9c7000 	C:\Windows\SYSTEM32\dhcpcsvc6.DLL
0x00007ff96f990000 - 0x00007ff96f9ad000 	C:\Windows\SYSTEM32\dhcpcsvc.DLL
0x00007ff94c5c0000 - 0x00007ff94c5e3000 	C:\Users\Ribas\.jdks\corretto-1.8.0_312\jre\bin\sunec.dll
0x00007ff971460000 - 0x00007ff97146c000 	C:\Users\Ribas\.jdks\corretto-1.8.0_312\jre\bin\sunmscapi.dll
0x00007ff976110000 - 0x00007ff976266000 	C:\Windows\System32\CRYPT32.dll
0x00007ff975320000 - 0x00007ff975347000 	C:\Windows\SYSTEM32\ncrypt.dll
0x00007ff9752e0000 - 0x00007ff97531b000 	C:\Windows\SYSTEM32\NTASN1.dll

VM Arguments:
jvm_args: -javaagent:C:\Program Files\JetBrains\IntelliJ IDEA Community Edition 2021.2.2\lib\idea_rt.jar=59002:C:\Program Files\JetBrains\IntelliJ IDEA Community Edition 2021.2.2\bin -Dfile.encoding=UTF-8 
java_command: br.com.beautystyle.agendamento.AgendamentoApplication --spring.profiles.active=prod
java_class_path (initial): C:\Users\Ribas\.jdks\corretto-1.8.0_312\jre\lib\charsets.jar;C:\Users\Ribas\.jdks\corretto-1.8.0_312\jre\lib\ext\access-bridge-64.jar;C:\Users\Ribas\.jdks\corretto-1.8.0_312\jre\lib\ext\cldrdata.jar;C:\Users\Ribas\.jdks\corretto-1.8.0_312\jre\lib\ext\dnsns.jar;C:\Users\Ribas\.jdks\corretto-1.8.0_312\jre\lib\ext\jaccess.jar;C:\Users\Ribas\.jdks\corretto-1.8.0_312\jre\lib\ext\jfxrt.jar;C:\Users\Ribas\.jdks\corretto-1.8.0_312\jre\lib\ext\localedata.jar;C:\Users\Ribas\.jdks\corretto-1.8.0_312\jre\lib\ext\nashorn.jar;C:\Users\Ribas\.jdks\corretto-1.8.0_312\jre\lib\ext\sunec.jar;C:\Users\Ribas\.jdks\corretto-1.8.0_312\jre\lib\ext\sunjce_provider.jar;C:\Users\Ribas\.jdks\corretto-1.8.0_312\jre\lib\ext\sunmscapi.jar;C:\Users\Ribas\.jdks\corretto-1.8.0_312\jre\lib\ext\sunpkcs11.jar;C:\Users\Ribas\.jdks\corretto-1.8.0_312\jre\lib\ext\zipfs.jar;C:\Users\Ribas\.jdks\corretto-1.8.0_312\jre\lib\jce.jar;C:\Users\Ribas\.jdks\corretto-1.8.0_312\jre\lib\jfr.jar;C:\Users\Ribas\.jdks\corretto-1.8.0_312\jre\lib\jfxswt.jar;C:\Users\Ribas\.jdks\corretto-1.8.0_312\jre\lib\jsse.jar;C:\Users\Ribas\.jdks\corretto-1.8.0_312\jre\lib\management-agent.jar;C:\Users\Ribas\.jdks\corretto-1.8.0_312\jre\lib\resources.jar;C:\Users\Ribas\.jdks\corretto-1.8.0_312\jre\lib\rt.jar;F:\ApiRestBeautyStyle\agendamento\target\classes;C:\Users\Ribas\.m2\repository\org\springframework\boot\spring-boot-starter-web\2.6.6\spring-boot-starter-web-2.6.6.jar;C:\Users\Ribas\.m2\repository\org\springframework\boot\spring-boot-starter\2.6.6\spring-boot-starter-2.6.6.jar;C:\Users\Ribas\.m2\repository\org\springframework\boot\spring-boot-starter-logging\2.6.6\spring-boot-starter-logging-2.6.6.jar;C:\Users\Ribas\.m2\repository\ch\qos\logback\logback-classic\1.2.11\logback-classic-1.2.11.jar;C:\Users\Ribas\.m2\repository\ch\qos\logback\logback-core\1.2.11\logback-core-1.2.11.jar;C:\Users\Ribas\.m2\repository\org\apache\logging\log4j\log4j-to-slf4j\2.17.2\log4j-to-slf4j-2.17.2.jar;C:\Users\Ribas\.m2
Launcher Type: SUN_STANDARD

Environment Variables:
JAVA_HOME=C:\Program Files\Java\jdk-17
PATH=C:\ProgramData\Oracle\Java\javapath;C:\Program Files\Common Files\Oracle\Java\javapath;C:\Windows\system32;C:\Windows;C:\Windows\System32\Wbem;C:\Windows\System32\WindowsPowerShell\v1.0\;C:\Windows\System32\OpenSSH\;C:\Program Files (x86)\NVIDIA Corporation\PhysX\Common;C:\Program Files\NVIDIA Corporation\NVIDIA NvDLISR;C:\Program Files\Git\cmd;C:\Program Files\Docker\Docker\resources\bin;C:\ProgramData\DockerDesktop\version-bin;C:\Program Files\Amazon\AWSCLIV2\;C:\Program Files (x86)\Windows Live\Shared;C:\Program Files\MySQL\MySQL Shell 8.0\bin\;C:\Users\Ribas\AppData\Local\Microsoft\WindowsApps;C:\Program Files\heroku\bin
USERNAME=Ribas
OS=Windows_NT
PROCESSOR_IDENTIFIER=AMD64 Family 21 Model 2 Stepping 0, AuthenticAMD



---------------  S Y S T E M  ---------------

OS: Windows 10.0 , 64 bit Build 19041 (10.0.19041.1889)

CPU:total 4 (initial active 4) (4 cores per cpu, 1 threads per core) family 21 model 2 stepping 0, cmov, cx8, fxsr, mmx, sse, sse2, sse3, ssse3, sse4.1, sse4.2, popcnt, avx, aes, clmul, mmxext, 3dnowpref, lzcnt, sse4a, tsc, tscinvbit, tscinv, bmi1

Memory: 4k page, physical 8386100k(263604k free), swap 33551924k(3536k free)

vm_info: OpenJDK 64-Bit Server VM (25.312-b07) for windows-amd64 JRE (1.8.0_312-b07), built on Oct 14 2021 21:08:49 by "Administrator" with MS VC++ 12.0 (VS2013)

time: Sat Sep 03 11:02:50 2022
timezone: Hora oficial do Brasil
elapsed time: 48341.731840 seconds (0d 13h 25m 41s)

